C51 COMPILER V9.60.7.0   ADC                                                               11/28/2024 14:06:58 PAGE 1   


C51 COMPILER V9.60.7.0, COMPILATION OF MODULE ADC
OBJECT MODULE PLACED IN .\Release\Objects\adc.obj
COMPILER INVOKED BY: C:\Keil_v5\C51\BIN\C51.EXE ..\..\Hardware\adc.c LARGE OPTIMIZE(8,SIZE) BROWSE INTVECTOR(0X000C) INC
                    -DIR(..\..\Libraries\Include;..\..\User;..\..\User\lib;..\..\Hardware) INTERVAL(3) DEBUG OBJECTEXTEND PRINT(.\Release\Lis
                    -tings\adc.lst) OBJECT(.\Release\Objects\adc.obj)

line level    source

   1          #include "adc.h"
   2          
   3          volatile u16 adc_val = 0; // adc值，0~4095
   4          // bit adc_done_flag = 0; // adc转换完成标志
   5          
   6          // adc配置，使用adc时还需要切换到对应的引脚通道
   7          void adc_config(void)
   8          {
   9   1          // // 配置P23为模拟输入模式
  10   1          // P2_MD0 |= GPIO_P23_MODE_SEL(0x3); // 设为模拟模式
  11   1      
  12   1          // P04--测量电池电压的引脚
  13   1          P0_MD1 |= GPIO_P04_MODE_SEL(0x3); // 模拟模式
  14   1          // P05--测量触摸IC传过来的电压的引脚
  15   1          P0_MD1 |= GPIO_P05_MODE_SEL(0x3); // 模拟模式
  16   1      
  17   1          // 检测油量的引脚：
  18   1          P0_MD0 |= GPIO_P01_MODE_SEL(0x3); // 模拟模式
  19   1      
  20   1          // ADC配置
  21   1          ADC_ACON1 &= ~(ADC_VREF_SEL(0x7) | ADC_EXREF_SEL(0x1)); // 清除电压选择，关闭外部参考电
             -
  22   1          ADC_ACON1 &= ~(ADC_INREF_SEL(0x01));                    // 关闭内部参考电压
  23   1      
  24   1          ADC_ACON1 |= ADC_VREF_SEL(0x06) | ADC_TEN_SEL(0x3); // 选择内部VCCA作为参考电压，关闭测
             -信号
  25   1          ADC_ACON0 = ADC_CMP_EN(0x1) |                       // 打开ADC中的CMP使能信号
  26   1                      ADC_BIAS_EN(0x1) |                      // 打开ADC偏置电流能使信号
  27   1                      ADC_BIAS_SEL(0x1);                      // 偏置电流选择：1x
  28   1      }
  29          
  30          // 切换adc扫描的引脚
  31          // adc_pin--adc引脚，在对应的枚举类型中定义
  32          void adc_sel_pin(u8 adc_pin)
  33          {
  34   1          switch (adc_pin)
  35   1          {
  36   2          case ADC_PIN_BATTERY:                  // 检测电池电量
  37   2              ADC_CHS0 = ADC_ANALOG_CHAN(0x04) | // P04通路
  38   2                         ADC_EXT_SEL(0x0);       // 选择外部通路
  39   2              ADC_CFG0 |= ADC_CHAN0_EN(0x1) |    // 使能通道0转换
  40   2                          ADC_EN(0x1);           // 使能A/D转换
  41   2              break;
  42   2      
  43   2          case ADC_PIN_TOUCH:                    // 检测触摸IC传过来的电压
  44   2              ADC_CHS0 = ADC_ANALOG_CHAN(0x05) | // P05通路
  45   2                         ADC_EXT_SEL(0x0);       // 选择外部通路
  46   2              ADC_CFG0 |= ADC_CHAN0_EN(0x1) |    // 使能通道0转换
  47   2                          ADC_EN(0x1);           // 使能A/D转换
  48   2              break;
  49   2      
  50   2          case ADC_PIN_FUEL: // 检测油量
  51   2              ADC_CHS0 = ADC_ANALOG_CHAN(0x01) | // P01通路
C51 COMPILER V9.60.7.0   ADC                                                               11/28/2024 14:06:58 PAGE 2   

  52   2                         ADC_EXT_SEL(0x0);       // 选择外部通路
  53   2              ADC_CFG0 |= ADC_CHAN0_EN(0x1) |    // 使能通道0转换
  54   2                          ADC_EN(0x1);           // 使能A/D转换
  55   2              break;
  56   2      
  57   2          case ADC_PIN_TEMP_OF_WATER:            // 检测水温的引脚
  58   2              ADC_CHS0 = ADC_ANALOG_CHAN(0x00) | // P00通路
  59   2                         ADC_EXT_SEL(0x0);       // 选择外部通路
  60   2              ADC_CFG0 |= ADC_CHAN0_EN(0x1) |    // 使能通道0转换
  61   2                          ADC_EN(0x1);           // 使能A/D转换
  62   2              break;
  63   2          }
  64   1      
  65   1          delay_ms(1); // 等待ADC模块配置稳定，需要等待20us以上
  66   1      }
  67          
  68          // 获取adc值，存放到变量adc_val中(adc单次转换)
  69          static u16 __adc_single_convert(void)
  70          {
  71   1          ADC_CFG0 |= ADC_CHAN0_TRG(0x1); // 触发ADC0转换
  72   1          while (!(ADC_STA & ADC_CHAN0_DONE(0x1)))
  73   1              ;                                           // 等待转换完成
  74   1          ADC_STA = ADC_CHAN0_DONE(0x1);                  // 清除ADC0转换完成标志位
  75   1          return ((ADC_DATAH0 << 4) | (ADC_DATAL0 >> 4)); // 读取ADC0的值
  76   1      }
  77          
  78          // adc采集+滤波
  79          u16 adc_getval(void)
  80          {
  81   1          u16 __adc_val_tmp = 0;     // 存放单次采集到的ad值
  82   1          u32 __adc_val_sum = 0;     // 存放所有采集到的ad值的累加
  83   1          u16 __get_adcmax = 0;      // 存放采集到的最大的ad值
  84   1          u16 __get_adcmin = 0xFFFF; // 存放采集到的最小的ad值(初始值为最大值)
  85   1          u8 i = 0;
  86   1      
  87   1          for (i = 0; i < 20; i++)
  88   1          {
  89   2              __adc_val_tmp = __adc_single_convert(); // 获取一次ad值
  90   2              if (i < 2)
  91   2                  continue; // 丢弃前两次采样的
  92   2              if (__adc_val_tmp > __get_adcmax)
  93   2                  __get_adcmax = __adc_val_tmp; // 更新当前采集到的最大值
  94   2              if (__adc_val_tmp < __get_adcmin)
  95   2                  __get_adcmin = __adc_val_tmp; // 更新当前采集到的最小值
  96   2              __adc_val_sum += __adc_val_tmp;
  97   2          }
  98   1      
  99   1          __adc_val_sum -= __get_adcmax;        // 去掉一个最大
 100   1          __adc_val_sum -= __get_adcmin;        // 去掉一个最小
 101   1          __adc_val_tmp = (__adc_val_sum >> 4); // 除以16，取平均值
 102   1      
 103   1          return __adc_val_tmp;
 104   1      }


MODULE INFORMATION:   STATIC OVERLAYABLE
   CODE SIZE        =    357    ----
   CONSTANT SIZE    =   ----    ----
   XDATA SIZE       =      2      11
   PDATA SIZE       =   ----    ----
   DATA SIZE        =   ----    ----
   IDATA SIZE       =   ----    ----
C51 COMPILER V9.60.7.0   ADC                                                               11/28/2024 14:06:58 PAGE 3   

   BIT SIZE         =   ----    ----
END OF MODULE INFORMATION.


C51 COMPILATION COMPLETE.  0 WARNING(S),  0 ERROR(S)
