C51 COMPILER V9.60.7.0   FUN_INFO                                                          11/18/2024 17:39:07 PAGE 1   


C51 COMPILER V9.60.7.0, COMPILATION OF MODULE FUN_INFO
OBJECT MODULE PLACED IN .\Release\Objects\fun_info.obj
COMPILER INVOKED BY: C:\Keil_v5\C51\BIN\C51.EXE ..\..\User\fun_info.c LARGE OPTIMIZE(8,SIZE) BROWSE INTVECTOR(0X000C) IN
                    -CDIR(..\..\Libraries\Include;..\..\User;..\..\User\lib;..\..\Hardware) INTERVAL(3) DEBUG OBJECTEXTEND PRINT(.\Release\Li
                    -stings\fun_info.lst) OBJECT(.\Release\Objects\fun_info.obj)

line level    source

   1          #include "fun_info.h" 
   2          
   3          volatile fun_info_t fun_info = {0}; // 存放所有功能状态的结构体变量
   4          
   5          // 初始化存放所有信息的结构体变量
   6          void fun_info_init(void)
   7          {
   8   1          flash_read(0x00, (u8*)&fun_info, sizeof(fun_info));
   9   1      }
  10          
  11          // 保存 存放了所有信息的结构体变量，写入flash中
  12          void fun_info_save(void)
  13          {
  14   1          flash_erase_sector(0x00);
  15   1          flash_write(0x00, (u8*)&fun_info, sizeof(fun_info));
  16   1      }


MODULE INFORMATION:   STATIC OVERLAYABLE
   CODE SIZE        =     39    ----
   CONSTANT SIZE    =   ----    ----
   XDATA SIZE       =     32    ----
   PDATA SIZE       =   ----    ----
   DATA SIZE        =   ----    ----
   IDATA SIZE       =   ----    ----
   BIT SIZE         =   ----    ----
END OF MODULE INFORMATION.


C51 COMPILATION COMPLETE.  0 WARNING(S),  0 ERROR(S)
