C51 COMPILER V9.60.7.0   INSTRUCTION                                                       10/28/2024 17:52:06 PAGE 1   


C51 COMPILER V9.60.7.0, COMPILATION OF MODULE INSTRUCTION
OBJECT MODULE PLACED IN .\Release\Objects\instruction.obj
COMPILER INVOKED BY: C:\Keil_v5\C51\BIN\C51.EXE ..\..\User\instruction.c LARGE OPTIMIZE(8,SIZE) BROWSE INTVECTOR(0X000C)
                    - INCDIR(..\..\Libraries\Include;..\..\User;..\..\User\lib;..\..\Hardware) INTERVAL(3) DEBUG OBJECTEXTEND PRINT(.\Release
                    -\Listings\instruction.lst) OBJECT(.\Release\Objects\instruction.obj)

line level    source

   1          #include "instruction.h"
   2          
   3          #include <string.h>
   4          
   5          // ç”¨bitå®šä¹‰ï¼Œæ¥èŠ‚çœç©ºé—´
   6          volatile bit flag_get_all_status = 0;    // è·å–æ‰€æœ‰åŠŸèƒ½çš„çŠ¶æ€
   7          volatile bit flag_get_gear = 0;          // è·å–æŒ¡ä½çŠ¶æ€ / å¾—åˆ°äº†æŒ¡ä½çš„çŠ¶æ€
   8          volatile bit flag_get_battery = 0;       // è·å–ç”µæ± çŠ¶æ€ / å¾—åˆ°äº†ç”µæ± çš„çŠ¶æ€ï¼ˆç”µæ± ç”µé‡ï¼
             -Œå•ä½ï¼šç™¾åˆ†æ¯”ï¼‰
   9          volatile bit flag_get_brake = 0;         // è·å–åˆ¹è½¦çŠ¶æ€ / å¾—åˆ°äº†åˆ¹è½¦çš„çŠ¶æ€
  10          volatile bit flag_get_left_turn = 0;     // è·å–å·¦è½¬å‘ç¯çš„çŠ¶æ€ / å¾—åˆ°äº†å·¦è½¬å‘ç¯çš„çŠ¶æ€
  11          volatile bit flag_get_right_turn = 0;    // è·å–å³è½¬å‘ç¯çš„çŠ¶æ€ / å¾—åˆ°äº†å³è½¬å‘ç¯çš„çŠ¶æ€
  12          volatile bit flag_get_high_beam = 0;     // è·å–è¿œå…‰ç¯çš„çŠ¶æ€ / å¾—åˆ°äº†è¿œå…‰ç¯çš„çŠ¶æ€
  13          volatile bit flag_get_engine_speed = 0;  // è·å–å‘åŠ¨æœºçš„è½¬é€Ÿ / å¾—åˆ°äº†å‘åŠ¨æœºçš„è½¬é€Ÿ
  14          volatile bit flag_get_speed = 0;         // è·å–æ—¶é€Ÿ / å¾—åˆ°äº†æ—¶é€Ÿ
  15          volatile bit flag_get_fuel = 0;          // è·å–æ²¹é‡ / å¾—åˆ°äº†æ²¹é‡ï¼ˆå•ä½ï¼šç™¾åˆ†æ¯”ï¼‰
  16          volatile bit flag_get_temp_of_water = 0; // è·å–æ°´æ¸© / å¾—åˆ°äº†æ°´æ¸©
  17          
  18          volatile bit flag_get_total_mileage = 0;     // è·å–å¤§è®¡é‡Œç¨‹ / å¾—åˆ°äº†å¤§è®¡é‡Œç¨‹
  19          volatile bit flag_get_sub_total_mileage = 0; // è·å–å°è®¡é‡Œç¨‹ / å¾—åˆ°äº†å°è®¡é‡Œç¨‹
  20          
  21          volatile bit flag_get_touch_key_status = 0; // è·å–è§¦æ‘¸æŒ‰é”®çš„çŠ¶æ€
  22          volatile bit flag_alter_date = 0;           // ä¿®æ”¹æ—¥æœŸ
  23          volatile bit flag_alter_time = 0;           // ä¿®æ”¹æ—¶é—´
  24          
  25          volatile bit flag_get_bat_val = 0;               // è·å–ç”µæ± ç”µå‹
  26          volatile bit flag_set_temp_of_water_warning = 0; // è®¾ç½®æ°´æ¸©æŠ¥è­¦
  27          
  28          volatile bit flag_clear_total_mileage = 0;     // æ¸…é™¤å¤§è®¡é‡Œç¨‹
  29          volatile bit flag_clear_sub_total_mileage = 0; // æ¸…é™¤å°è®¡é‡Œç¨‹
  30          
  31          // æ£€æŸ¥æ¥æ”¶æ˜¯å¦æ­£ç¡®çš„å‡½æ•°ï¼Œå¦‚æœæ¥æ”¶æ­£ç¡®ï¼Œ
  32          // æ ¹æ®æ¥æ”¶åˆ°çš„æ•°æ®ä¸­çš„æŒ‡ä»¤ï¼Œç»™å¯¹åº”çš„æŒ‡ä»¤çš„æ ‡å¿—ä½ç½®ä¸€
  33          void instruction_scan(void)
  34          {
  35   1          u8 i = 0; // æ³¨æ„è¦å¤§äºç­‰äºç¼“å†²åŒºèƒ½å­˜æ”¾çš„æŒ‡ä»¤æ•°ç›®
  36   1      
  37   1          for (i = 0; i < (UART0_RXBUF_LEN) / (FRAME_MAX_LEN); i++)
  38   1          {
  39   2              if (flagbuf_valid_instruction[i]) // å¦‚æœå¯¹åº”çš„ä½ç½®æœ‰åˆæ³•çš„æ•°æ®å¸§
  40   2              {
  41   3                  // æ ¹æ®æ¥æ”¶åˆ°æ•°æ®ä¸­çš„æŒ‡ä»¤ï¼Œç»™å¯¹åº”çš„æŒ‡ä»¤çš„æ ‡å¿—ä½ç½®ä¸€
  42   3                  // if (4 == uart0_recv_buf[i][1]) // å¦‚æœæ˜¯å››ä½é•¿åº¦çš„æŒ‡ä»¤
  43   3                  {
  44   4                      switch (uart0_recv_buf[i][2]) // æ ¹æ®ä¸åŒçš„æŒ‡ä»¤æ¥ç»™å¯¹åº”çš„æ ‡å¿—ä½ç½®ä¸€
  45   4                      {
  46   5                      case INSTRUCTION_GET_ALL_STATUS: // è·å–æ‰€æœ‰åŠŸèƒ½çš„çŠ¶æ€
  47   5                          flag_get_all_status = 1;
  48   5                          break;
  49   5      
  50   5                      case INSTRUCTION_GET_GEAR: // è·å–æŒ¡ä½çš„çŠ¶æ€
  51   5                          flag_get_gear = 1;
  52   5                          break;
C51 COMPILER V9.60.7.0   INSTRUCTION                                                       10/28/2024 17:52:06 PAGE 2   

  53   5      
  54   5                      case INSTRUCTION_GET_BATTERY: // è·å–ç”µæ± ç”µé‡çš„çŠ¶æ€
  55   5                          flag_get_battery = 1;
  56   5                          break;
  57   5      
  58   5                      case INSTRUCTION_GET_BARKE: // è·å–åˆ¹è½¦çš„çŠ¶æ€
  59   5                          flag_get_brake = 1;
  60   5                          break;
  61   5      
  62   5                      case INSTRUCTION_GET_LEFT_TURN: // è·å–å·¦è½¬å‘ç¯çš„çŠ¶æ€
  63   5                          flag_get_left_turn = 1;
  64   5                          break;
  65   5      
  66   5                      case INSTRUCTION_GET_RIGHT_TURN: // è·å–å³è½¬å‘ç¯çš„çŠ¶æ€
  67   5                          flag_get_right_turn = 1;
  68   5                          break;
  69   5      
  70   5                      case INSTRUCTION_GET_HIGH_BEAM: // è·å–è¿œå…‰ç¯çš„çŠ¶æ€
  71   5                          flag_get_high_beam = 1;
  72   5                          break;
  73   5      
  74   5                      case INSTRUCTION_GET_ENGINE_SPEED: // è·å–å‘åŠ¨æœºè½¬é€Ÿ
  75   5                          flag_get_engine_speed = 1;
  76   5                          break;
  77   5      
  78   5                      case INSTRUCTION_GET_SPEED: // è·å–æ—¶é€Ÿ
  79   5                          flag_get_speed = 1;
  80   5                          break;
  81   5      
  82   5                      case INSTRUCTION_GET_FUEL: // è·å–æ²¹é‡
  83   5                          flag_get_fuel = 1;
  84   5                          break;
  85   5      
  86   5                      case INSTRUCTION_GET_TEMP_OF_WATER: // è·å–æ°´æ¸©
  87   5                          flag_get_temp_of_water = 1;
  88   5                          break;
  89   5      
  90   5                      case INSTRUCTION_GET_TOTAL_MILEAGE: // è·å–å¤§è®¡é‡Œç¨‹
  91   5                          flag_get_total_mileage = 1;
  92   5                          break;
  93   5      
  94   5                      case INSTRUCTION_GET_SUBTOTAL_MILEAGE: // è·å–å°è®¡é‡Œç¨‹
  95   5                          flag_get_sub_total_mileage = 1;
  96   5                          break;
  97   5      
  98   5                      case INSTRUCTION_GET_TOUCH_KEY_STATUS: // è·å–è§¦æ‘¸æŒ‰é”®çš„çŠ¶æ€
  99   5                          flag_get_touch_key_status = 1;
 100   5                          break;
 101   5      
 102   5                      case INSTRUCTION_ALTER_DATE: // ä¿®æ”¹æ—¥æœŸ
 103   5                          flag_alter_date = 1;
 104   5                          break;
 105   5      
 106   5                      case INSTRUCTION_ALTER_TIME: // ä¿®æ”¹æ—¶é—´
 107   5                          flag_alter_time = 1;
 108   5                          // printf("buff:\n");
 109   5                          // printf("%x %x %x %x %x %x %x \n", (u32)uart0_recv_buf[i][0], (u32)uart0_recv_buf[i]
             -[1], (u32)uart0_recv_buf[i][2], (u32)uart0_recv_buf[i][3], (u32)uart0_recv_buf[i][4], (u32)uart0_recv_buf[i][5], (u32)ua
             -rt0_recv_buf[i][6]);
 110   5      
 111   5      #if 1 // å‘ä¸²å£å‘é€æ•´ä¸ªç¼“å†²åŒºçš„æ•°æ®
 112   5                          {
C51 COMPILER V9.60.7.0   INSTRUCTION                                                       10/28/2024 17:52:06 PAGE 3   

 113   6                              u8 j = 0;
 114   6                              for (j = 0; j < (FRAME_MAX_LEN); j++)
 115   6                              {
 116   7                                  printf("%2x ", (u16)uart0_recv_buf[i][j]);
 117   7                              }
 118   6                              printf("\n==========================\n");
 119   6                          }
 120   5      
 121   5                          { // æµ‹è¯•æ ¡éªŒå’Œé€šä¸é€šè¿‡
 122   6                              u8 check_sum = 0;
 123   6                              check_sum += (uart0_recv_buf[i][0] +
 124   6                                            uart0_recv_buf[i][1] +
 125   6                                            uart0_recv_buf[i][2] +
 126   6                                            uart0_recv_buf[i][3] +
 127   6                                            uart0_recv_buf[i][4] +
 128   6                                            uart0_recv_buf[i][5]);
 129   6                              check_sum &= 0x0F;
 130   6                              if (check_sum == uart0_recv_buf[i][6])
 131   6                              {
 132   7                                  printf("check sum pass\n");
 133   7                              }
 134   6                              else
 135   6                              {
 136   7                                  printf("check sum err \n");
 137   7                              }
 138   6                          }
 139   5      
 140   5                          if (0)
 141   5                          {
 142   6                              u8 i = 0;
 143   6                              u8 j = 0;
 144   6                              u8 k = 0;
 145   6                              for (i = 0; i < (UART0_RXBUF_LEN) / (FRAME_MAX_LEN); i++)
 146   6                              {
 147   7                                  for (j = 0; j < (UART0_RXBUF_LEN) / (FRAME_MAX_LEN); j++)
 148   7                                  {
 149   8                                      uart0_sendbyte(j + '0');
 150   8                                      uart0_sendbyte('\n');
 151   8                                      for (k = 0; k < FRAME_MAX_LEN; k++)
 152   8                                      {
 153   9                                          printf("%2x ", (u16)uart0_recv_buf[j][k]);
 154   9                                      }
 155   8      
 156   8                                      printf("\n==========================\n");
 157   8                                  }
 158   7                              }
 159   6                          }
 160   5      
 161   5      #endif // å‘ä¸²å£å‘é€æ•´ä¸ªç¼“å†²åŒºçš„æ•°æ®
 162   5                          break;
 163   5      
 164   5                      case INSTRUCTION_GET_BATTERY_VAL: // è·å–ç”µæ± ç”µå‹
 165   5                          flag_get_bat_val = 1;
 166   5                          break;
 167   5      
 168   5                      case INSTRUCTION_SET_TEMP_OF_WATER_WARNING: // è®¾ç½®æ°´æ¸©æŠ¥è­¦
 169   5                          flag_set_temp_of_water_warning = 1;
 170   5                          break;
 171   5      
 172   5                      case INSTRUCTION_CLEAR_TOTAL_MILEAGE: // æ¸…é™¤å¤§è®¡é‡Œç¨‹
 173   5                          flag_clear_total_mileage = 1;
 174   5                          break;
C51 COMPILER V9.60.7.0   INSTRUCTION                                                       10/28/2024 17:52:06 PAGE 4   

 175   5      
 176   5                      case INSTRUCTION_CLEAR_SUBTOTAL_MILEAGE: // æ¸…é™¤å°è®¡é‡Œç¨‹
 177   5                          flag_clear_sub_total_mileage = 1;
 178   5                          break;
 179   5                      }
 180   4      
 181   4                      if (recv_frame_cnt > 0) //
 182   4                      {
 183   5                          recv_frame_cnt--; // ä»ä¸²å£æ¥æ”¶çš„æ•°æ®å¸§æ•°ç›®å‡ä¸€ï¼Œè¡¨ç¤ºæŒ‡ä»¤å·²ç»ä»ç¼
             -“å†²åŒºå–å‡º
 184   5                      }
 185   4      
 186   4                      flagbuf_valid_instruction[i] = 0;            // æ¸…ç©ºç¼“å†²åŒºå¯¹åº”çš„å…ƒç´ ï¼Œè¡¨ç¤ºè¯¥
             -ä¸‹æ ‡çš„æŒ‡ä»¤å·²ç»å¤„ç†
 187   4                      memset(uart0_recv_buf[i], 0, FRAME_MAX_LEN); // æ¸…ç©ºç¼“å†²åŒºå¯¹åº”çš„å…ƒç´ 
 188   4                  } // if (4 == uart0_recv_buf[i][1])
 189   3              }
 190   2          }
 191   1      }
 192          
 193          void instruction_handle(void)
 194          {
 195   1          if (flag_get_all_status)
 196   1          {
 197   2              // å¦‚æœè¦è·å–æ‰€æœ‰åŠŸèƒ½çš„çŠ¶æ€
 198   2              flag_get_all_status = 0; // æ¸…é™¤æ ‡å¿—ä½
 199   2      
 200   2      #if USE_MY_DEBUG
 201   2              printf(" flag_get_all_status\n");
 202   2      #endif
 203   2          }
 204   1      
 205   1          if (flag_get_gear)
 206   1          {
 207   2              // å¦‚æœè¦è·å–æŒ¡ä½çš„çŠ¶æ€
 208   2              flag_get_gear = 0; //
 209   2      
 210   2      #if USE_MY_DEBUG
 211   2              printf(" flag_get_gear\n");
 212   2      #endif
 213   2      
 214   2              send_data(SEND_GEAR, fun_info.gear); // å‘é€å½“å‰æŒ¡ä½çš„çŠ¶æ€
 215   2          }
 216   1      
 217   1          if (flag_get_battery)
 218   1          {
 219   2              // å¦‚æœè¦è·å–ç”µæ± ç”µé‡çš„çŠ¶æ€
 220   2              flag_get_battery = 0;
 221   2      #if USE_MY_DEBUG
 222   2              printf(" flag_get_battery\n");
 223   2      #endif
 224   2      
 225   2              send_data(SEND_BATTERY, fun_info.battery); // å‘é€ç”µæ± ç”µé‡
 226   2          }
 227   1      
 228   1          if (flag_get_brake)
 229   1          {
 230   2              // å¦‚æœè¦è·å–è·å–åˆ¹è½¦çš„çŠ¶æ€
 231   2              flag_get_brake = 0;
 232   2      
 233   2      #if USE_MY_DEBUG
 234   2              printf(" flag_get_brake\n");
C51 COMPILER V9.60.7.0   INSTRUCTION                                                       10/28/2024 17:52:06 PAGE 5   

 235   2      #endif
 236   2      
 237   2              send_data(SEND_BARKE, fun_info.brake); // å‘é€å½“å‰åˆ¹è½¦çš„çŠ¶æ€
 238   2          }
 239   1      
 240   1          if (flag_get_left_turn)
 241   1          {
 242   2              // å¦‚æœè¦è·å–å·¦è½¬å‘ç¯çš„çŠ¶æ€
 243   2              flag_get_left_turn = 0;
 244   2      
 245   2      #if USE_MY_DEBUG
 246   2              printf(" flag_get_left_turn\n");
 247   2      #endif
 248   2      
 249   2              send_data(SEND_LEFT_TURN, fun_info.left_turn); // å‘é€å½“å‰å·¦è½¬å‘ç¯çš„çŠ¶æ€
 250   2          }
 251   1      
 252   1          if (flag_get_right_turn)
 253   1          {
 254   2              // å¦‚æœè¦è·å–å³è½¬å‘ç¯çš„çŠ¶æ€
 255   2              flag_get_right_turn = 0;
 256   2      
 257   2              printf(" flag_get_right_turn\n");
 258   2      
 259   2              send_data(SEND_RIGHT_TURN, fun_info.right_turn); // å‘é€å½“å‰å³è½¬å‘ç¯çš„çŠ¶æ€
 260   2          }
 261   1      
 262   1          if (flag_get_high_beam)
 263   1          {
 264   2              // å¦‚æœè¦è·å–è¿œå…‰ç¯çš„çŠ¶æ€
 265   2              flag_get_high_beam = 0;
 266   2      
 267   2              printf(" flag_get_high_beam\n");
 268   2      
 269   2              send_data(SEND_HIGH_BEAM, fun_info.high_beam); // å‘é€å½“å‰è¿œå…‰ç¯çš„çŠ¶æ€
 270   2          }
 271   1      
 272   1          if (flag_get_engine_speed)
 273   1          {
 274   2              // å¦‚æœè¦è·å–å‘åŠ¨æœºçš„è½¬é€Ÿ
 275   2              flag_get_engine_speed = 0;
 276   2      
 277   2              printf(" flag_get_engine_speed \n");
 278   2      
 279   2              send_data(SEND_ENGINE_SPEED, fun_info.engine_speeed);
 280   2          }
 281   1      
 282   1          if (flag_get_speed)
 283   1          {
 284   2              // å¦‚æœè¦è·å–æ—¶é€Ÿ
 285   2              flag_get_speed = 0;
 286   2      
 287   2              printf(" flag_get_speed \n");
 288   2      
 289   2      #ifdef INTERNATIONAL // ä½¿ç”¨å…¬åˆ¶å•ä½
 290   2      
 291   2              send_data(SEND_SPEED, fun_info.speed); // å‘é€å½“å‰é‡‡é›†åˆ°çš„è½¦é€Ÿï¼ˆæ—¶é€Ÿï¼‰
 292   2      
 293   2      #endif // INTERNATIONAL ä½¿ç”¨å…¬åˆ¶å•ä½
 294   2      
 295   2      #ifdef IMPERIAL // ä½¿ç”¨è‹±åˆ¶å•ä½
              
C51 COMPILER V9.60.7.0   INSTRUCTION                                                       10/28/2024 17:52:06 PAGE 6   

                      send_data(SEND_SPEED, fun_info.speed * 621 / 1000);
              
              #endif
 300   2          }
 301   1      
 302   1          if (flag_get_fuel)
 303   1          {
 304   2              // å¦‚æœè¦è·å–æ²¹é‡
 305   2              flag_get_fuel = 0;
 306   2      
 307   2              printf(" flag_get_fuel \n");
 308   2          }
 309   1      
 310   1          if (flag_get_temp_of_water)
 311   1          {
 312   2              // å¦‚æœè¦è·å–æ°´æ¸©
 313   2              flag_get_temp_of_water = 0;
 314   2      
 315   2              printf(" flag_get_temp_of_water \n");
 316   2          }
 317   1      
 318   1          if (flag_get_total_mileage)
 319   1          {
 320   2              // å¦‚æœè¦è·å–å¤§è®¡é‡Œç¨‹ / å¾—åˆ°äº†å¤§è®¡é‡Œç¨‹æ–°çš„æ•°æ®
 321   2              flag_get_total_mileage = 0;
 322   2              printf(" flag_get_total_mileage \n");
 323   2      
 324   2      #ifdef INTERNATIONAL // å…¬åˆ¶å•ä½
 325   2      
 326   2              // åªå‘é€ç™¾ç±³åŠä»¥ä¸Šçš„æ•°æ®
 327   2              send_data(SEND_TOTAL_MILEAGE, mileage_info.total_mileage / 100);
 328   2      
 329   2      #endif // INTERNATIONAL å…¬åˆ¶å•ä½
 330   2      
 331   2      #ifdef IMPERIAL // è‹±åˆ¶å•ä½
              #if USE_MY_DEBUG
                      printf("total mileage: %lu * 0.1 mile", mileage_info.total_mileage * 62137 / 10000000);
              #endif // USE_MY_DEBUG
                     // åªå‘é€0.1è‹±é‡ŒåŠä»¥ä¸Šçš„æ•°æ®
                      send_data(SEND_TOTAL_MILEAGE, mileage_info.total_mileage * 62137 / 10000000);
              
              #endif // IMPERIAL è‹±åˆ¶å•ä½
 339   2          }
 340   1      
 341   1          if (flag_get_sub_total_mileage)
 342   1          {
 343   2              // å¦‚æœè¦è·å–å°è®¡é‡Œç¨‹ / å¾—åˆ°äº†å°è®¡é‡Œç¨‹æ–°çš„æ•°æ®
 344   2              flag_get_sub_total_mileage = 0;
 345   2              printf(" flag_get_sub_total_mileage \n");
 346   2      #ifdef INTERNATIONAL // å…¬åˆ¶å•ä½
 347   2      
 348   2              // åªå‘é€åƒç±³åŠä»¥ä¸Šçš„æ•°æ®
 349   2              send_data(SEND_SUBTOTAL_MILEAGE, mileage_info.subtotal_mileage / 1000);
 350   2      
 351   2      #endif // INTERNATIONAL å…¬åˆ¶å•ä½
 352   2      
 353   2      #ifdef IMPERIAL // è‹±åˆ¶å•ä½
              #if USE_MY_DEBUG
                      printf("sub total mileage: %lu mile", mileage_info.subtotal_mileage * 62137 / 100000000);
              #endif // USE_MY_DEBUG
                     // åªå‘é€è‹±é‡ŒåŠä»¥ä¸Šçš„æ•°æ®
                      send_data(SEND_SUBTOTAL_MILEAGE, mileage_info.subtotal_mileage * 62137 / 100000000);
C51 COMPILER V9.60.7.0   INSTRUCTION                                                       10/28/2024 17:52:06 PAGE 7   

              
              #endif // IMPERIAL è‹±åˆ¶å•ä½
 361   2          }
 362   1      
 363   1          if (flag_get_touch_key_status)
 364   1          {
 365   2              // å¦‚æœè¦è·å–è§¦æ‘¸æŒ‰é”®çš„çŠ¶æ€ / å¾—åˆ°äº†è§¦æ‘¸æŒ‰é”®çš„çŠ¶æ€
 366   2              flag_get_touch_key_status = 0;
 367   2              printf(" flag_get_touch_key_status \n");
 368   2          }
 369   1      
 370   1          if (flag_alter_date)
 371   1          {
 372   2              // å¦‚æœè¦ä¿®æ”¹æ—¥æœŸ
 373   2              flag_alter_date = 0;
 374   2              printf(" flag_alter_date \n");
 375   2          }
 376   1      
 377   1          if (flag_alter_time)
 378   1          {
 379   2              // å¦‚æœè¦ä¿®æ”¹æ—¶é—´
 380   2              flag_alter_time = 0;
 381   2              printf(" flag_alter_time \n");
 382   2          }
 383   1      
 384   1          if (flag_get_bat_val)
 385   1          {
 386   2              // å¦‚æœè¦è·å–ç”µæ± ç”µå‹
 387   2              flag_get_bat_val = 0;
 388   2              printf(" flag_get_bat_val \n");
 389   2          }
 390   1      
 391   1          if (flag_set_temp_of_water_warning)
 392   1          {
 393   2              // å¦‚æœè¦è®¾ç½®æ°´æ¸©æŠ¥è­¦
 394   2              flag_set_temp_of_water_warning = 0;
 395   2              printf(" flag_set_temp_of_water_warning \n");
 396   2          }
 397   1      
 398   1          if (flag_clear_total_mileage)
 399   1          {
 400   2              // å¦‚æœè¦æ¸…é™¤å¤§è®¡é‡Œç¨‹
 401   2              flag_clear_total_mileage = 0;
 402   2              printf(" flag_clear_total_mileage \n");
 403   2          }
 404   1      
 405   1          if (flag_clear_sub_total_mileage)
 406   1          {
 407   2              // å¦‚æœè¦æ¸…é™¤å°è®¡é‡Œç¨‹
 408   2              flag_clear_sub_total_mileage = 0;
 409   2              printf(" flag_clear_sub_total_mileage \n");
 410   2          }
 411   1      }
*** WARNING C294 IN LINE 142 OF ..\..\User\instruction.c: unreachable code


MODULE INFORMATION:   STATIC OVERLAYABLE
   CODE SIZE        =   1074    ----
   CONSTANT SIZE    =    527    ----
   XDATA SIZE       =   ----       4
   PDATA SIZE       =   ----    ----
   DATA SIZE        =   ----    ----
C51 COMPILER V9.60.7.0   INSTRUCTION                                                       10/28/2024 17:52:06 PAGE 8   

   IDATA SIZE       =   ----    ----
   BIT SIZE         =     20    ----
END OF MODULE INFORMATION.


C51 COMPILATION COMPLETE.  1 WARNING(S),  0 ERROR(S)
