C51 COMPILER V9.60.7.0   MY_GPIO                                                           11/26/2024 17:09:51 PAGE 1   


C51 COMPILER V9.60.7.0, COMPILATION OF MODULE MY_GPIO
OBJECT MODULE PLACED IN .\Release\Objects\my_gpio.obj
COMPILER INVOKED BY: C:\Keil_v5\C51\BIN\C51.EXE ..\..\Hardware\my_gpio.c LARGE OPTIMIZE(8,SIZE) BROWSE INTVECTOR(0X000C)
                    - INCDIR(..\..\Libraries\Include;..\..\User;..\..\User\lib;..\..\Hardware) INTERVAL(3) DEBUG OBJECTEXTEND PRINT(.\Release
                    -\Listings\my_gpio.lst) OBJECT(.\Release\Objects\my_gpio.obj)

line level    source

   1          // GPIO配置的源文件
   2          #include "my_gpio.h"
   3          
   4          // 输出引脚初始化（测试用）
   5          // P1_1
   6          void output_pin_init(void)
   7          {
   8   1          P1_MD0 &= ~(GPIO_P11_MODE_SEL(0x1)); // 对应的寄存器先清零
   9   1          P1_MD0 |= GPIO_P11_MODE_SEL(0x1);    // 配置为输出模式
  10   1      
  11   1          FOUT_S11 = GPIO_FOUT_AF_FUNC; // 选择AF功能输出
  12   1      
  13   1          // 位操作
  14   1          P11 = 1;
  15   1      }
  16          
  17          /**
  18           * @brief P11配置为输出模式
  19           */
  20          void p11_output_config(void)
  21          {
  22   1          P1_MD0 &= ~(GPIO_P11_MODE_SEL(0x1)); // 对应的寄存器先清零
  23   1          P1_MD0 |= GPIO_P11_MODE_SEL(0x1);    // 配置为输出模式
  24   1      
  25   1          FOUT_S11 = GPIO_FOUT_AF_FUNC; // 选择AF功能输出
  26   1      
  27   1          P1_PU |= GPIO_P11_PULL_UP(0x01); // 内部的上拉电阻
  28   1          P1_PD |= GPIO_P11_PULL_PD(0x01); // 内部的下拉电阻
  29   1          // 配置完上下拉电阻后，这个引脚就相当于浮空状态，同时能够避免一些电路
             -的干扰
  30   1      
  31   1          // 位操作
  32   1          P11 = 1;
  33   1      }
  34          
  35          /**
  36           * @brief P12配置为输出模式
  37           */
  38          void p12_output_config(void)
  39          {
  40   1          P1_MD0 &= ~(GPIO_P12_MODE_SEL(0x1)); // 对应的寄存器先清零
  41   1          P1_MD0 |= GPIO_P12_MODE_SEL(0x1);    // 配置为输出模式
  42   1      
  43   1          FOUT_S12 = GPIO_FOUT_AF_FUNC; // 选择AF功能输出
  44   1      
  45   1          P1_PU |= GPIO_P12_PULL_UP(0x01); // 内部的上拉电阻
  46   1          P1_PD |= GPIO_P12_PULL_PD(0x01); // 内部的下拉电阻
  47   1          // 配置完上下拉电阻后，这个引脚就相当于浮空状态，同时能够避免一些电路
             -的干扰
  48   1      
  49   1          // 位操作
  50   1          P12 = 1;
  51   1      }
C51 COMPILER V9.60.7.0   MY_GPIO                                                           11/26/2024 17:09:51 PAGE 2   

  52          
  53          /**
  54           * @brief P01配置为输出模式
  55           *        P01在开发板是连接到了LED6的正极
  56           */
  57          void p01_output_config(void)
  58          {
  59   1          P0_MD0 &= ~(GPIO_P01_MODE_SEL(0x1)); // 对应的寄存器先清零
  60   1          P0_MD0 |= GPIO_P01_MODE_SEL(0x1);    // 配置为输出模式
  61   1      
  62   1          FOUT_S01 = GPIO_FOUT_AF_FUNC; // 选择AF功能输出
  63   1      
  64   1          P0_PU |= GPIO_P01_PULL_UP(0x01); // 内部的上拉电阻
  65   1          P0_PD |= GPIO_P01_PULL_PD(0x01); // 内部的下拉电阻
  66   1          // 配置完上下拉电阻后，这个引脚就相当于浮空状态，同时能够避免一些电路
             -的干扰
  67   1      
  68   1          // 位操作
  69   1          P01 = 0;
  70   1      }
  71          
  72          /**
  73           * @brief P03配置为输出模式
  74           */
  75          void p03_output_config(void)
  76          {
  77   1          P0_MD0 &= ~(GPIO_P03_MODE_SEL(0x1)); // 对应的寄存器先清零
  78   1          P0_MD0 |= GPIO_P03_MODE_SEL(0x1);    // 配置为输出模式
  79   1      
  80   1          FOUT_S03 = GPIO_FOUT_AF_FUNC; // 选择AF功能输出
  81   1      }
  82          
  83          /**
  84           * @brief P26配置为输出模式
  85           */
  86          void p26_output_config(void)
  87          {
  88   1          P2_MD1 &= ~(GPIO_P26_MODE_SEL(0x1)); // 对应的寄存器先清零
  89   1          P2_MD1 |= GPIO_P26_MODE_SEL(0x1);    // 配置为输出模式
  90   1      
  91   1          FOUT_S26 = GPIO_FOUT_AF_FUNC; // 选择AF功能输出
  92   1      
  93   1          P2_PU |= GPIO_P26_PULL_UP(0x01); // 内部的上拉电阻
  94   1          P2_PD |= GPIO_P26_PULL_PD(0x01); // 内部的下拉电阻
  95   1          // 配置完上下拉电阻后，这个引脚就相当于浮空状态，同时能够避免一些电路
             -的干扰
  96   1      
  97   1          // 位操作
  98   1          P26 = 0;
  99   1      }
 100          
 101          // p06配置成输入上拉模式
 102          void p06_input_config(void)
 103          {
 104   1          // 配置为输入模式
 105   1          P0_MD1 &= ~(GPIO_P06_MODE_SEL(0x3));
 106   1          // 配置为上拉
 107   1          P0_PU |= (GPIO_P06_PULL_UP(0x1));
 108   1      }
 109          
 110          // p07配置成输入上拉模式
 111          void p07_input_config(void)
C51 COMPILER V9.60.7.0   MY_GPIO                                                           11/26/2024 17:09:51 PAGE 3   

 112          {
 113   1          // 配置为输入模式
 114   1          P0_MD1 &= ~(GPIO_P07_MODE_SEL(0x3));
 115   1          // 配置为上拉
 116   1          P0_PU |= (GPIO_P07_PULL_UP(0x1));
 117   1      }
 118          
 119          // p10配置成输入上拉模式
 120          void p10_input_config(void)
 121          {
 122   1          // 配置为输入模式
 123   1          P1_MD0 &= ~(GPIO_P10_MODE_SEL(0x3));
 124   1          // 配置为上拉
 125   1          P1_PU |= (GPIO_P10_PULL_UP(0x1));
 126   1      }
 127          
 128          // p13配置成输入上拉模式
 129          void p13_input_config(void)
 130          {
 131   1          // 配置为输入模式
 132   1          P1_MD0 &= ~(GPIO_P13_MODE_SEL(0x3));
 133   1          // 配置为上拉
 134   1          P1_PU |= (GPIO_P13_PULL_UP(0x1));
 135   1      }
 136          
 137          // p14配置成输入上拉模式
 138          void p14_input_config(void)
 139          {
 140   1          // 配置为输入模式
 141   1          P1_MD1 &= ~(GPIO_P14_MODE_SEL(0x3));
 142   1          // 配置为上拉
 143   1          P1_PU |= (GPIO_P14_PULL_UP(0x1));
 144   1      }
 145          
 146          // // p17配置成输入上拉模式
 147          // void p17_input_config(void)
 148          // {
 149          //     // 配置为输入模式
 150          //     P1_MD1 &= ~(GPIO_P17_MODE_SEL(0x3));
 151          //     // 配置为上拉
 152          //     P1_PU |= (GPIO_P17_PULL_UP(0x1));
 153          // }
 154          
 155          // p21配置成输入上拉模式
 156          void p21_input_config(void)
 157          {
 158   1          // 配置为输入模式
 159   1          P2_MD0 &= ~(GPIO_P21_MODE_SEL(0x3));
 160   1          // 配置为上拉
 161   1          P2_PU |= (GPIO_P21_PULL_UP(0x1));
 162   1      }
 163          
 164          // p22配置成输入上拉模式
 165          void p22_input_config(void)
 166          {
 167   1          // 配置为输入模式
 168   1          P2_MD0 &= ~(GPIO_P22_MODE_SEL(0x3));
 169   1          // 配置为上拉
 170   1          P2_PU |= (GPIO_P22_PULL_UP(0x1));
 171   1      }
 172          
 173          // p23配置成输入上拉模式
C51 COMPILER V9.60.7.0   MY_GPIO                                                           11/26/2024 17:09:51 PAGE 4   

 174          void p23_input_config(void)
 175          {
 176   1          // 配置为输入模式
 177   1          P2_MD0 &= ~(GPIO_P23_MODE_SEL(0x3));
 178   1          // 配置为上拉
 179   1          P2_PU |= (GPIO_P23_PULL_UP(0x1));
 180   1      }
 181          
 182          // p25配置成输入上拉模式
 183          void p25_input_config(void)
 184          {
 185   1          // 配置为输入模式
 186   1          P2_MD1 &= ~(GPIO_P25_MODE_SEL(0x3));
 187   1          // 配置为上拉
 188   1          P2_PU |= (GPIO_P25_PULL_UP(0x1));
 189   1      }
 190          
 191          // p27配置成输入上拉模式
 192          void p27_input_config(void)
 193          {
 194   1          // 配置为输入模式
 195   1          P2_MD1 &= ~(GPIO_P27_MODE_SEL(0x3));
 196   1          // 配置为上拉
 197   1          P2_PU |= (GPIO_P27_PULL_UP(0x1));
 198   1      }
 199          
 200          // P30配置成输入上拉模式
 201          void p30_input_config(void)
 202          {
 203   1          // 配置为输入模式
 204   1          P3_MD0 &= ~(GPIO_P30_MODE_SEL(0x3));
 205   1          // 配置为上拉
 206   1          P3_PU |= (GPIO_P30_PULL_UP(0x1));
 207   1      }
 208          
 209          // // P31配置成输入上拉模式
 210          // void p31_input_config(void)
 211          // {
 212          //     // 配置为输入模式
 213          //     P3_MD0 &= ~(GPIO_P31_MODE_SEL(0x3));
 214          //     // 配置为上拉
 215          //     P3_PU |= (GPIO_P31_PULL_UP(0x1));
 216          // }


MODULE INFORMATION:   STATIC OVERLAYABLE
   CODE SIZE        =    293    ----
   CONSTANT SIZE    =   ----    ----
   XDATA SIZE       =   ----    ----
   PDATA SIZE       =   ----    ----
   DATA SIZE        =   ----    ----
   IDATA SIZE       =   ----    ----
   BIT SIZE         =   ----    ----
END OF MODULE INFORMATION.


C51 COMPILATION COMPLETE.  0 WARNING(S),  0 ERROR(S)
