C51 COMPILER V9.60.7.0   PIN_LEVEL_SCAN                                                    11/28/2024 14:06:58 PAGE 1   


C51 COMPILER V9.60.7.0, COMPILATION OF MODULE PIN_LEVEL_SCAN
OBJECT MODULE PLACED IN .\Release\Objects\pin_level_scan.obj
COMPILER INVOKED BY: C:\Keil_v5\C51\BIN\C51.EXE ..\..\User\pin_level_scan.c LARGE OPTIMIZE(8,SIZE) BROWSE INTVECTOR(0X00
                    -0C) INCDIR(..\..\Libraries\Include;..\..\User;..\..\User\lib;..\..\Hardware) INTERVAL(3) DEBUG OBJECTEXTEND PRINT(.\Rele
                    -ase\Listings\pin_level_scan.lst) OBJECT(.\Release\Objects\pin_level_scan.obj)

line level    source

   1          #include "pin_level_scan.h"
   2          
   3          u32 pin_level_scan_time_cnt = 0;
   4          
   5          void pin_level_scan_config(void)
   6          {
   7   1          p21_input_config(); // è¿œå…‰ç¯çŠ¶æ€å¯¹åº”çš„å¼•è„š
   8   1          p22_input_config(); // å³è½¬å‘ç¯çŠ¶æ€å¯¹åº”çš„å¼•è„š
   9   1          p23_input_config(); // åˆ¹è½¦çŠ¶æ€å¯¹åº”çš„å¼•è„š
  10   1          p25_input_config(); // å·¦è½¬å‘ç¯çŠ¶æ€å¯¹åº”çš„å¼•è„š
  11   1      
  12   1          p30_input_config(); // 6æ¡£å¯¹åº”çš„å¼•è„š
  13   1          p27_input_config(); // 5æ¡£å¯¹åº”çš„å¼•è„š
  14   1          p14_input_config(); // 4æ¡£å¯¹åº”çš„å¼•è„š
  15   1          p13_input_config(); // 3æ¡£å¯¹åº”çš„å¼•è„š
  16   1          p10_input_config(); // 2æ¡£å¯¹åº”çš„å¼•è„š
  17   1          p07_input_config(); // 1æ¡£å¯¹åº”çš„å¼•è„š
  18   1          p06_input_config(); // ç©ºæŒ¡å¯¹åº”çš„å¼•è„š
  19   1      }
  20          
  21          // å¼•è„šç”µå¹³æ‰«æï¼Œéƒ½æ˜¯ä½ç”µå¹³æœ‰æ•ˆ
  22          void pin_level_scan(void)
  23          {
  24   1          // å¦‚æœåˆ°äº†æ‰«ææ—¶é—´ï¼Œå†æ›´æ–°æŒ¡ä½ã€è½¬å‘ç¯å’Œåˆ¹è½¦çš„çŠ¶æ€
  25   1          if (pin_level_scan_time_cnt >= PIN_LEVEL_SCAN_TIME_MS)
  26   1          {
  27   2              pin_level_scan_time_cnt = 0;
  28   2      
  29   2              if (P23)
  30   2              {
  31   3                  // å¦‚æœæ²¡æœ‰åˆ¹è½¦
  32   3                  fun_info.brake = OFF;
  33   3              }
  34   2              else
  35   2              {
  36   3                  // å¦‚æœæœ‰åˆ¹è½¦
  37   3                  fun_info.brake = ON;
  38   3              }
  39   2              flag_get_brake = 1;
  40   2      
  41   2              if (P25)
  42   2              {
  43   3                  // å¦‚æœå·¦è½¬å‘ç¯æœªå¼€å¯
  44   3                  fun_info.left_turn = OFF;
  45   3              }
  46   2              else
  47   2              {
  48   3                  // å¦‚æœå·¦è½¬å‘ç¯å¼€å¯
  49   3                  fun_info.left_turn = ON;
  50   3              }
  51   2              flag_get_left_turn = 1;
  52   2      
  53   2              if (P22)
C51 COMPILER V9.60.7.0   PIN_LEVEL_SCAN                                                    11/28/2024 14:06:58 PAGE 2   

  54   2              {
  55   3                  // å¦‚æœå³è½¬å‘ç¯æœªå¼€å¯
  56   3                  fun_info.right_turn = OFF;
  57   3              }
  58   2              else
  59   2              {
  60   3                  // å¦‚æœå³è½¬å‘ç¯å¼€å¯
  61   3                  fun_info.right_turn = ON;
  62   3              }
  63   2              flag_get_right_turn = 1;
  64   2      
  65   2              if (P21)
  66   2              {
  67   3                  // å¦‚æœè¿œå…‰ç¯æœªå¼€å¯
  68   3                  fun_info.high_beam = OFF;
  69   3              }
  70   2              else
  71   2              {
  72   3                  // å¦‚æœè¿œå…‰ç¯å¼€å¯
  73   3                  fun_info.high_beam = ON;
  74   3              }
  75   2              flag_get_high_beam = 1;
  76   2      
  77   2              // ä»¥æœ€ä½æŒ¡ä½ä¼˜å…ˆï¼Œå½“æœ€ä½æ¡£æœ‰ä¿¡å·æ—¶ï¼Œä¸ç®¡å…¶ä»–æŒ¡ä½çš„ä¿¡å·ï¼Œç›´æ¥ä»¥æœ€ä½
             -æ¡£çš„ä¸ºä¸»
  78   2      
  79   2              if (0 == P06)
  80   2              {
  81   3                  // ç©ºæŒ¡
  82   3                  fun_info.gear = GEAR_NEUTRAL;
  83   3              }
  84   2              else if (0 == P07)
  85   2              {
  86   3                  // ä¸€æ¡£
  87   3                  fun_info.gear = GEAR_FIRST;
  88   3              }
  89   2              else if (0 == P10)
  90   2              {
  91   3                  // äºŒæ¡£
  92   3                  fun_info.gear = GEAR_SECOND;
  93   3              }
  94   2              else if (0 == P13)
  95   2              {
  96   3                  // ä¸‰æ¡£
  97   3                  fun_info.gear = GEAR_THIRD;
  98   3              }
  99   2              else if (0 == P14)
 100   2              {
 101   3                  // å››æ¡£
 102   3                  fun_info.gear = GEAR_FOURTH;
 103   3              }
 104   2              else if (0 == P27)
 105   2              {
 106   3                  // äº”æ¡£
 107   3                  fun_info.gear = GEAR_FIFTH;
 108   3              }
 109   2              else if (0 == P30)
 110   2              {
 111   3                  // å…­æ¡£
 112   3                  fun_info.gear = GEAR_SIXTH;
 113   3              }
 114   2              flag_get_gear = 1;
C51 COMPILER V9.60.7.0   PIN_LEVEL_SCAN                                                    11/28/2024 14:06:58 PAGE 3   

 115   2          }
 116   1      
 117   1          // if () // ACCå¼•è„šæ£€æµ‹ï¼Œæ£€æµ‹åˆ°é«˜ç”µå¹³ï¼ŒP03ä¹Ÿè¾“å‡ºé«˜ç”µå¹³ï¼Œæ£€æµ‹åˆ°ä½ç”µå¹³ï¼Œè®©P03
             -è¾“å‡ºä½ç”µå¹³
 118   1          if (P04)
 119   1          {
 120   2              // æ£€æµ‹åˆ°ACCä¸ºé«˜ç”µå¹³,
 121   2              P03 = 1;
 122   2          }
 123   1          else
 124   1          {
 125   2              P03 = 0;
 126   2          }
 127   1      }


MODULE INFORMATION:   STATIC OVERLAYABLE
   CODE SIZE        =    221    ----
   CONSTANT SIZE    =   ----    ----
   XDATA SIZE       =      4    ----
   PDATA SIZE       =   ----    ----
   DATA SIZE        =   ----    ----
   IDATA SIZE       =   ----    ----
   BIT SIZE         =   ----    ----
END OF MODULE INFORMATION.


C51 COMPILATION COMPLETE.  0 WARNING(S),  0 ERROR(S)
