C51 COMPILER V9.60.7.0   TEMP_OF_WATER                                                     11/28/2024 14:06:59 PAGE 1   


C51 COMPILER V9.60.7.0, COMPILATION OF MODULE TEMP_OF_WATER
OBJECT MODULE PLACED IN .\Release\Objects\temp_of_water.obj
COMPILER INVOKED BY: C:\Keil_v5\C51\BIN\C51.EXE ..\..\User\temp_of_water.c LARGE OPTIMIZE(8,SIZE) BROWSE INTVECTOR(0X000
                    -C) INCDIR(..\..\Libraries\Include;..\..\User;..\..\User\lib;..\..\Hardware) INTERVAL(3) DEBUG OBJECTEXTEND PRINT(.\Relea
                    -se\Listings\temp_of_water.lst) OBJECT(.\Release\Objects\temp_of_water.obj)

line level    source

   1          // encoding UTF-8
   2          // 水温检测源程序
   3          #include "temp_of_water.h"
   4          
   5          // 实物是检测NTC热敏电阻的分压
   6          
   7          static u32 over_heat_accumulate_cnt = 0;    // 过热累计计数
   8          static u32 cooling_down_accumulate_cnt = 0; // 冷却累计计数
   9          
  10          // 水温检测函数，如果水温过高，会发送水温报警，水温恢复正常时，才发送解
             -水温报警
  11          void temp_of_water_scan(void)
  12          {
  13   1          adc_val = adc_getval(); //
  14   1      
  15   1          if (fun_info.flag_is_in_water_temp_warning)
  16   1          {
  17   2              // 如果处于水温报警
  18   2              if (adc_val <= TEMP_OF_WATER_CANCEL_WARNING_AD_VAL)
  19   2              {
  20   3                  // 如果检测到水温 低于 解除水温报警的阈值
  21   3                  cooling_down_accumulate_cnt++;
  22   3                  // 清除水温过热计数
  23   3                  over_heat_accumulate_cnt = 0;
  24   3              }
  25   2              else
  26   2              {
  27   3                  cooling_down_accumulate_cnt = 0;
  28   3              }
  29   2      
  30   2              if (cooling_down_accumulate_cnt >= (TEMP_OF_WATER_ACCUMULATE_TIEM_MS / ONE_CYCLE_TIME_MS))
  31   2              {
  32   3                  // 如果解除水温报警的计数大于 (水温检测的累计时间 / 一轮主循环的
             -间)，
  33   3                  // 即，检测到可以解除水温报警的时间 大于 水温检测的累计时间
  34   3                  cooling_down_accumulate_cnt = 0; // 清除计数
  35   3                  fun_info.flag_is_in_water_temp_warning = 0;
  36   3                  flag_set_temp_of_water_warning = 1; // 发送解除水温报警的信息
  37   3              }
  38   2          }
  39   1          else
  40   1          {
  41   2              // 如果不处于水温报警
  42   2              if (adc_val >= TEMP_OF_WATER_WARNING_AD_VAL)
  43   2              {
  44   3                  over_heat_accumulate_cnt++;
  45   3                  // 清除解除水温报警的计数
  46   3                  cooling_down_accumulate_cnt = 0;
  47   3              }
  48   2              else
  49   2              {
  50   3                  // 有一次没有检测到水温过热，清除水温过热计数
  51   3                  over_heat_accumulate_cnt = 0;
C51 COMPILER V9.60.7.0   TEMP_OF_WATER                                                     11/28/2024 14:06:59 PAGE 2   

  52   3              }
  53   2      
  54   2              if (over_heat_accumulate_cnt >= (TEMP_OF_WATER_ACCUMULATE_TIEM_MS / ONE_CYCLE_TIME_MS))
  55   2              {
  56   3                  // 如果水温报警的计数大于 (水温检测的累计时间 / 一轮主循环的时间)
             -
  57   3                  // 即，检测到水温报警的时间 大于 水温检测的累计时间
  58   3                  over_heat_accumulate_cnt = 0; // 清除计数
  59   3                  fun_info.flag_is_in_water_temp_warning = 1;
  60   3                  flag_set_temp_of_water_warning = 1; // 发送水温报警的信息
  61   3              }
  62   2          }
  63   1      }


MODULE INFORMATION:   STATIC OVERLAYABLE
   CODE SIZE        =    208    ----
   CONSTANT SIZE    =   ----    ----
   XDATA SIZE       =      8    ----
   PDATA SIZE       =   ----    ----
   DATA SIZE        =   ----    ----
   IDATA SIZE       =   ----    ----
   BIT SIZE         =   ----    ----
END OF MODULE INFORMATION.


C51 COMPILATION COMPLETE.  0 WARNING(S),  0 ERROR(S)
