C51 COMPILER V9.60.7.0   UART0                                                             11/28/2024 14:06:58 PAGE 1   


C51 COMPILER V9.60.7.0, COMPILATION OF MODULE UART0
OBJECT MODULE PLACED IN .\Release\Objects\uart0.obj
COMPILER INVOKED BY: C:\Keil_v5\C51\BIN\C51.EXE ..\..\Hardware\uart0.c LARGE OPTIMIZE(8,SIZE) BROWSE INTVECTOR(0X000C) I
                    -NCDIR(..\..\Libraries\Include;..\..\User;..\..\User\lib;..\..\Hardware) INTERVAL(3) DEBUG OBJECTEXTEND PRINT(.\Release\L
                    -istings\uart0.lst) OBJECT(.\Release\Objects\uart0.obj)

line level    source

   1          #include "uart0.h"
   2          
   3          #include <string.h> // memset()
   4          
   5          // è®¾ç½®çš„æ³¢ç‰¹ç‡éœ€è¦é€‚é…å•ç‰‡æœºçš„æ—¶é’Ÿï¼Œè¿™é‡Œç›´æ¥ä½¿ç”¨äº†å®˜æ–¹çš„ä»£ç 
   6          #define USER_UART0_BAUD ((SYSCLK - UART0_BAUDRATE) / (UART0_BAUDRATE))
   7          
   8          // ç”¨æ¥å­˜æ”¾æ¥æ”¶çš„æ•°æ®å¸§çš„ç¼“å†²åŒº
   9          volatile u8 uart0_recv_buf[(UART0_RXBUF_LEN) / (FRAME_MAX_LEN)][FRAME_MAX_LEN] = {0};
  10          // ç”¨äºè®°å½•æ¥æ”¶ç¼“å†²åŒºçš„å¯¹åº”çš„æ•°æ®å¸§çš„é•¿åº¦
  11          volatile u8 uart0_recv_len[(UART0_RXBUF_LEN) / (FRAME_MAX_LEN)] = {0};
  12          // è®°å½•ç¼“å†²åŒºä¸­å¯¹åº”çš„ä½ç½®æ˜¯å¦æœ‰æ•°æ®çš„æ ‡å¿—ä½ï¼ˆæ•°ç»„ï¼‰
  13          // ä¾‹å¦‚ï¼Œç¼“å†²åŒºä¸‹æ ‡0çš„ä½ç½®æœ‰æŒ‡ä»¤ï¼Œæ ‡å¿—ä½æ•°ç»„ä¸‹æ ‡0çš„å…ƒç´ å€¼ä¸º1ï¼Œæ²¡æœ‰æŒ‡ä»¤ï¼Œå
             -…ƒç´ çš„å€¼ä¸º0
  14          volatile u8 recved_flagbuf[(UART0_RXBUF_LEN) / (FRAME_MAX_LEN)] = {0};
  15          
  16          volatile u8 flagbuf_valid_instruction[(UART0_RXBUF_LEN) / (FRAME_MAX_LEN)] = {0}; // å­˜æ”¾æœ‰åˆæ³•æŒ‡ä»¤
             -çš„æ ‡å¿—ä½æ•°ç»„
  17          
  18          // ä¸²å£ä¸­æ–­æœåŠ¡å‡½æ•°ä¸­ï¼Œæ¥æ”¶ä¸€å¸§çš„æ ‡å¿—ä½ï¼Œ0--å‡†å¤‡æ¥æ”¶ä¸€å¸§çš„ç¬¬ä¸€ä¸ªå­—èŠ‚ï¼Œ1--æ
             -­£åœ¨æ¥æ”¶è¯¥å¸§çš„æ•°æ®
  19          static volatile bit flag_is_recving_data = 0;
  20          static volatile u8 frame_len = 0;    // è®°å½•ä¸²å£ä¸­æ–­æœåŠ¡å‡½æ•°ä¸­ï¼Œå½“å‰è¦æ¥æ”¶çš„æ•°æ®å¸§çš„
             -å­—èŠ‚æ•°
  21          static volatile u8 cur_recv_len = 0; // è®°å½•ä¸²å£ä¸­æ–­æœåŠ¡å‡½æ•°ä¸­ï¼Œå½“å‰å·²æ¥æ”¶çš„æ•°æ®å¸§çš„
             -å­—èŠ‚æ•°
  22          volatile u8 recv_frame_cnt = 0;      // æ¥æ”¶åˆ°çš„æ•°æ®å¸§çš„ä¸ªæ•°
  23          
  24          static volatile u32 blank_index = 0; // è®°å½•å½“å‰å­˜æ”¾æ•°æ®å¸§çš„ç¼“å†²åŒºçš„ç©ºçš„åœ°æ–¹(ç¼“å†²åŒºä¸
             -‹æ ‡)ï¼Œå‡†å¤‡å­˜æ”¾ä¸€å¸§çš„æ•°æ®
  25          
  26          // bit test_bit = 0; // æµ‹è¯•ç”¨
  27          
  28          // u32 test_val = 0; // æµ‹è¯•ç”¨
  29          
  30          // é‡å†™putchar()å‡½æ•°
  31          char putchar(char c)
  32          {
  33   1          uart0_sendbyte(c);
  34   1          return c;
  35   1      }
  36          
  37          // uart0åˆå§‹åŒ–
  38          // æ³¢ç‰¹ç‡ç”±å® UART0_BAUDRATE æ¥å†³å®š
  39          void uart0_config(void)
  40          {
  41   1          // ç”µè·¯æ¿ä¸Šï¼ŒP11ä¸ºå‘é€å¼•è„šï¼ŒP12ä¸ºæ¥æ”¶å¼•è„š
  42   1          P1_MD0 &= (~GPIO_P11_MODE_SEL(0x3) | ~GPIO_P12_MODE_SEL(0x3));
  43   1          P1_MD0 |= GPIO_P11_MODE_SEL(0x1); // è¾“å‡ºæ¨¡å¼
  44   1          FOUT_S11 |= GPIO_FOUT_UART0_TX;   // é…ç½®P11ä¸ºUART0_TX
  45   1          FIN_S7 |= GPIO_FIN_SEL_P12;       // é…ç½®P12ä¸ºUART0_RX
  46   1      
  47   1          __EnableIRQ(UART0_IRQn); // æ‰“å¼€UARTæ¨¡å—ä¸­æ–­
C51 COMPILER V9.60.7.0   UART0                                                             11/28/2024 14:06:58 PAGE 2   

  48   1          IE_EA = 1;               // æ‰“å¼€æ€»ä¸­æ–­
  49   1      
  50   1          UART0_BAUD1 = (USER_UART0_BAUD >> 8) & 0xFF; // é…ç½®æ³¢ç‰¹ç‡é«˜å…«ä½
  51   1          UART0_BAUD0 = USER_UART0_BAUD & 0xFF;        // é…ç½®æ³¢ç‰¹ç‡ä½å…«ä½
  52   1          UART0_CON0 = UART_STOP_BIT(0x0) |
  53   1                       UART_RX_IRQ_EN(0x1) |
  54   1                       UART_EN(0x1); // 8bitæ•°æ®ï¼Œ1bitåœæ­¢ä½ï¼Œä½¿èƒ½RXä¸­æ–­
  55   1      
  56   1          // memset(uart0_recv_buf, 0, sizeof(uart0_recv_buf));
  57   1      }
  58          
  59          // UART0ä¸­æ–­æœåŠ¡å‡½æ•°ï¼ˆæ¥æ”¶ä¸­æ–­ï¼‰
  60          void UART0_IRQHandler(void) interrupt UART0_IRQn
  61          {
  62   1          volatile u8 uart0_tmp_val = 0;
  63   1      
  64   1          // è¿›å…¥ä¸­æ–­è®¾ç½®IPï¼Œä¸å¯åˆ é™¤
  65   1          __IRQnIPnPush(UART0_IRQn);
  66   1          // ---------------- ç”¨æˆ·å‡½æ•°å¤„ç† -------------------
  67   1          // RXæ¥æ”¶å®Œæˆä¸­æ–­
  68   1          if (UART0_STA & UART_RX_DONE(0x1))
  69   1          {
  70   2              // test_bit = 1;
  71   2              uart0_tmp_val = UART0_DATA; // ä¸´æ—¶å­˜æ”¾æ¥æ”¶åˆ°çš„æ•°æ®
  72   2      
  73   2              if ((0 == flag_is_recving_data && uart0_tmp_val != 0xA5) ||
  74   2                  (recv_frame_cnt >= ((UART0_RXBUF_LEN) / (FRAME_MAX_LEN))))
  75   2              {
  76   3                  // 1. å¦‚æœæ˜¯æ–°çš„ä¸€å¸§æ•°æ®ï¼Œå´ä¸æ˜¯ä»¥0xA5å¼€å¤´ï¼Œè¯´æ˜è¿™ä¸€å¸§æ•°æ®æ— æ•ˆ
  77   3                  // 2. å¦‚æœç¼“å†²åŒºå·²æ»¡ï¼Œå­˜ä¸ä¸‹æ›´å¤šçš„æ•°æ®å¸§
  78   3                  // ç›´æ¥é€€å‡ºä¸­æ–­ï¼Œä¸å¤„ç†æ•°æ®
  79   3                  tmr0_disable();
  80   3                  tmr0_cnt = 0;
  81   3                  __IRQnIPnPop(UART0_IRQn);
  82   3                  return;
  83   3              }
  84   2              // if ((0 == flag_is_recving_data && UART0_DATA == 0xA5) ||
  85   2              //     (1 == flag_is_recving_data && UART0_DATA == 0xA5))
  86   2              else if (uart0_tmp_val == 0xA5)
  87   2              {
  88   3                  // 1. å¦‚æœæ˜¯æ–°çš„ä¸€å¸§æ•°æ®ï¼ˆä»¥æ ¼å¼å¤´0xA5å¼€å§‹ï¼‰ï¼Œæ‰“å¼€å®šæ—¶å™¨ï¼Œä¸ºè¶…æ—¶åˆ¤
             -æ–­åšå‡†å¤‡
  89   3                  // 2. å¦‚æœæ­£åœ¨æ¥æ”¶ä¸€å¸§æ•°æ®ï¼Œå´åˆæ”¶åˆ°äº†ä¸€æ¬¡æ ¼å¼å¤´ï¼Œèˆå¼ƒä¹‹å‰æ”¶åˆ°çš„æ
             -•°æ®ï¼Œé‡æ–°æ¥æ”¶è¿™ä¸€å¸§
  90   3                  flag_is_recving_data = 1;
  91   3                  cur_recv_len = 0;
  92   3                  frame_len = 0;
  93   3                  tmr0_disable();
  94   3                  tmr0_cnt = 0;
  95   3                  tmr0_enable();
  96   3              }
  97   2      
  98   2              if (1 == cur_recv_len)
  99   2              {
 100   3                  // å¦‚æœæ¥æ”¶åˆ°ä¸€å¸§çš„ç¬¬äºŒä¸ªå­—èŠ‚çš„æ•°æ®ï¼Œè®°å½•ä¸‹è¦æ¥æ”¶çš„æ•°æ®é•¿åº¦
 101   3                  frame_len = uart0_tmp_val;
 102   3                  // test_val = frame_len;
 103   3                  // printf("frame_len %d\n", (int32)frame_len);
 104   3              }
 105   2      
 106   2              // ç¨‹åºè¿è¡Œåˆ°è¿™é‡Œï¼Œè¯´æ˜æ­£åœ¨æ¥æ”¶ä¸€ä¸ªæ•°æ®å¸§
 107   2              if (0 == recved_flagbuf[blank_index])
C51 COMPILER V9.60.7.0   UART0                                                             11/28/2024 14:06:58 PAGE 3   

 108   2              {
 109   3                  // å¦‚æœç¼“å†²åŒºä¸­æœ‰å‰©ä½™ä½ç½®æ¥å­˜æ”¾ä¸€ä¸ªå¸§ï¼Œæ‰æ”¾å…¥æ•°æ®
 110   3                  uart0_recv_buf[blank_index][cur_recv_len++] = uart0_tmp_val;
 111   3                  // uart0_recv_buf[0][cur_recv_len++] = UART0_DATA; // æµ‹è¯•ç”¨
 112   3                  tmr0_cnt = 0; // æ¯æ¥æ”¶åˆ°ä¸€ä¸ªå­—èŠ‚æ•°æ®ï¼Œæ¸…ç©ºè¶…æ—¶çš„è®¡æ—¶
 113   3      
 114   3      #if 1
 115   3                  if ((frame_len != 0) &&
 116   3                      (cur_recv_len) == frame_len)
 117   3                  {
 118   4                      // å¦‚æœæ¥æ”¶å®Œäº†ä¸€å¸§æ•°æ®
 119   4                      uart0_recv_len[blank_index] = frame_len; // æ›´æ–°å½“å‰æ•°æ®å¸§çš„é•¿åº¦
 120   4                      // printf("frame_len %d\n", (int32)frame_len);
 121   4                      flag_is_recving_data = 0; // æ ‡å¿—ä½æ¸…é›¶ï¼Œå‡†å¤‡æ¥æ”¶ä¸‹ä¸€å¸§æ•°æ®
 122   4                      cur_recv_len = 0;
 123   4                      frame_len = 0;
 124   4      
 125   4                      recved_flagbuf[blank_index] = 1; // å¯¹åº”çš„æ¥æ”¶å®Œæˆæ ‡å¿—ä½ç½®ä¸€
 126   4                      recv_frame_cnt++;                // æ¥æ”¶åˆ°å®Œæ•´çš„ä¸€å¸§ï¼Œè®¡æ•°å€¼åŠ ä¸€
 127   4                      // test_bit = 1; // æµ‹è¯•ç”¨
 128   4                      blank_index++;
 129   4                      if (blank_index >= ((UART0_RXBUF_LEN) / (FRAME_MAX_LEN)))
 130   4                      {
 131   5                          blank_index = 0;
 132   5                      }
 133   4      
 134   4                      // if (recv_frame_cnt < ((UART0_RXBUF_LEN) / (FRAME_MAX_LEN)))
 135   4                      // {
 136   4                      //     // å¦‚æœæ•°ç»„ä¸­æœ‰ç©ºä½ï¼ˆæ¥æ”¶çš„æ•°æ®å¸§ä¸ªæ•° < ç¼“å†²åŒºæ€»å…±èƒ½æ¥æ”¶çš
             -„æ•°æ®å¸§ä¸ªæ•°ï¼‰
 137   4      
 138   4                      //     // åç§»åˆ°æ•°ç»„ä¸­ç©ºçš„åœ°æ–¹ï¼Œå‡†å¤‡å¡«å…¥ä¸‹ä¸€ä¸ªæ•°æ®å¸§
 139   4                      //     while (1)
 140   4                      //     {
 141   4                      //         blank_index++;
 142   4      
 143   4                      //         if (blank_index >= ((UART0_RXBUF_LEN) / (FRAME_MAX_LEN)))
 144   4                      //         {
 145   4                      //             // å¦‚æœä¸‹æ ‡è¶…å‡ºäº†ç¼“å†²åŒºèƒ½å®¹çº³çš„æŒ‡ä»¤ä¸ªæ•°
 146   4                      //             blank_index = 0;
 147   4                      //         }
 148   4      
 149   4                      //         if (0 == recved_flagbuf[blank_index])
 150   4                      //         {
 151   4                      //             // å¦‚æœæ˜¯ç©ºçš„ä¸€å¤„ç¼“å†²åŒºï¼Œé€€å‡ºï¼Œå‡†å¤‡ç»™ä¸‹ä¸€æ¬¡æ¥æ”¶æ•°æ®
             -å¸§
 152   4                      //             break;
 153   4                      //         }
 154   4                      //     }
 155   4                      // }
 156   4      
 157   4                      {
 158   5                          tmr0_disable();
 159   5                          tmr0_cnt = 0;
 160   5                          __IRQnIPnPop(UART0_IRQn);
 161   5                          return;
 162   5                      }
 163   4                  } // if ((cur_recv_len) == frame_len)
 164   3      #endif
 165   3              } // if (0 == recved_flagbuf[blank_index])
 166   2              // else // å¦‚æœå½“å‰ç¼“å†²åŒºä¸­æ²¡æœ‰å‰©ä½™ä½ç½®æ¥å­˜æ”¾ä¸€ä¸ªå¸§ï¼Œ
 167   2              // {
C51 COMPILER V9.60.7.0   UART0                                                             11/28/2024 14:06:58 PAGE 4   

 168   2              // }
 169   2      
 170   2          } // if (UART0_STA & UART_RX_DONE(0x1))
 171   1      
 172   1          // é€€å‡ºä¸­æ–­è®¾ç½®IPï¼Œä¸å¯åˆ é™¤
 173   1          __IRQnIPnPop(UART0_IRQn);
 174   1      }
 175          
 176          // UART0å‘é€ä¸€ä¸ªå­—èŠ‚æ•°æ®çš„å‡½æ•°
 177          void uart0_sendbyte(u8 senddata)
 178          {
 179   1          while (!(UART0_STA & UART_TX_DONE(0x01)))
 180   1              ;
 181   1          UART0_DATA = senddata;
 182   1          while (!(UART0_STA & UART_TX_DONE(0x01))) // ç­‰å¾…è¿™æ¬¡å‘é€å®Œæˆ
 183   1              ;
 184   1      }
 185          
 186          // é€šè¿‡uart0å‘é€è‹¥å¹²æ•°æ®
 187          void uart0_send_buff(u8 *buf, u8 len)
 188          {
 189   1          u8 i = 0;
 190   1          for (; i < len; i++)
 191   1          {
 192   2              uart0_sendbyte(buf[i]);
 193   2          }
 194   1      }
 195          
 196          // å¯¹UART0æ¥æ”¶ç¼“å†²åŒºçš„æ•°æ®è¿›è¡ŒéªŒè¯ï¼ˆè¶…æ—¶éªŒè¯ã€é•¿åº¦éªŒè¯ã€æ ¡éªŒå’Œè®¡ç®—ï¼‰
 197          extern void __uart_buff_check(void);
 198          void uart0_scan_handle(void)
 199          {
 200   1          u8 i = 0;                                  // å¾ªç¯è®¡æ•°å€¼ï¼ˆæ³¨æ„å¾ªç¯æ¬¡æ•°è¦å¤§äºç­‰äºæ•°ç»
             -„èƒ½å­˜æ”¾çš„æŒ‡ä»¤æ•°ç›®ï¼‰
 201   1          volatile u8 checksum = 0;                  // å­˜æ”¾ä¸´æ—¶çš„æ ¡éªŒå’Œ
 202   1          volatile bit __flag_is_crc_or_len_err = 0; // æ ‡å¿—ä½ï¼Œæ ¡éªŒå’Œ / æ•°æ®é•¿åº¦ æ˜¯å¦é”™è¯¯,0--æœª
             -å‡ºé”™ï¼Œ1--å‡ºé”™
 203   1      
 204   1      #if 1 // æ¥æ”¶è¶…æ—¶å¤„ç†
 205   1      
 206   1          if (tmr0_cnt > 10) // ä¸€å¸§å†…ï¼Œè¶…è¿‡10msæ²¡æœ‰æ”¶åˆ°æ•°æ®
 207   1          {
 208   2              // å¦‚æœè¶…æ—¶
 209   2              // uart0_sendstr("Time out!\n");
 210   2      
 211   2              tmr0_disable(); // å…³é—­å®šæ—¶å™¨
 212   2              tmr0_cnt = 0;   // æ¸…ç©ºå®šæ—¶å™¨è®¡æ•°å€¼
 213   2      
 214   2              // å½“å‰çš„æ•°æ®å¸§ä½œåºŸ
 215   2              cur_recv_len = 0;         // å½“å‰æ¥æ”¶åˆ°çš„å¸§çš„é•¿åº¦æ¸…é›¶
 216   2              frame_len = 0;            // è¦æ¥æ”¶çš„å¸§çš„é•¿åº¦ï¼Œæ¸…é›¶
 217   2              flag_is_recving_data = 0; // é‡æ–°å¼€å§‹æ¥æ”¶æ•°æ®
 218   2      
 219   2              // if (0 == recved_flagbuf[blank_index])
 220   2              // {
 221   2              //     memset(uart0_recv_buf[blank_index], 0, FRAME_MAX_LEN); // æ¸…ç©ºè¶…æ—¶çš„æŒ‡ä»¤å¯¹åº”çš„æ¥
             -æ”¶ç¼“å†²åŒº
 222   2              // }
 223   2      
 224   2      #if USE_MY_DEBUG
                      printf("recv time out! \n");
              #endif
C51 COMPILER V9.60.7.0   UART0                                                             11/28/2024 14:06:58 PAGE 5   

 227   2      
 228   2      #if 0
                      for (i = 0; i < (UART0_RXBUF_LEN) / (FRAME_MAX_LEN); i++)
                      {
                          printf("%d :\t", i);
                          for (j = 0; j < FRAME_MAX_LEN; j++)
                          {
                              printf("%x ", uart0_recv_buf[i][j]);
                          }
                          printf("\n");
                      }
              #endif // MY_DEBUG
 239   2      
 240   2              return;
 241   2          }
 242   1      #endif // æ¥æ”¶è¶…æ—¶å¤„ç†
 243   1      
 244   1          // å¯¹æ”¶åˆ°çš„æ•°æ®å¸§è¿›è¡ŒéªŒè¯
 245   1          for (i = 0; i < ((UART0_RXBUF_LEN) / (FRAME_MAX_LEN)); i++)
 246   1          {
 247   2              if (recved_flagbuf[i])
 248   2              {
 249   3                  // å¦‚æœå¯¹åº”çš„ä½ç½®æœ‰å®Œæ•´çš„æ•°æ®å¸§
 250   3                  // __uart_buff_check(); // æµ‹è¯•ç”¨
 251   3      
 252   3                  if (uart0_recv_len[i] != uart0_recv_buf[i][1])
 253   3                  {
 254   4      // å¦‚æœæ•°æ®å¸§çš„é•¿åº¦ä¸æ­£ç¡®
 255   4      #if USE_MY_DEBUG
                              printf("format len invalid!\n");
                              printf("%d  %d \n", (u32)uart0_recv_len[i], (u32)uart0_recv_buf[i][1]);
                              __uart_buff_check(); // æ‰“å°ä¸²å£æ¥æ”¶ç¼“å†²åŒºä¸­çš„æ•°æ®
              #endif
 260   4                      recved_flagbuf[i] = 0;
 261   4                      recv_frame_cnt--;
 262   4                      memset(uart0_recv_buf[i], 0, FRAME_MAX_LEN);
 263   4      
 264   4                      return;
 265   4                  }
 266   3      
 267   3                  {                          // è®¡ç®—æ ¡éªŒå’Œ
 268   4                      u8 __loop_crc_cnt = 0; // ç”¨äºè®¡ç®—æ ¡éªŒå’Œçš„å¾ªç¯è®¡æ•°å€¼
 269   4                      checksum = 0;
 270   4                      for (__loop_crc_cnt = 0; __loop_crc_cnt < (uart0_recv_len[i] - 1); __loop_crc_cnt++)
 271   4                      {
 272   5                          checksum += uart0_recv_buf[i][__loop_crc_cnt];
 273   5                      }
 274   4      
 275   4                      // checksum &= 0x0F; // å–ä½4ä½ä½œä¸ºæ ¡éªŒ
 276   4                      checksum &= 0xFF; // å–8ä½ä½œä¸ºæ ¡éªŒ
 277   4                      if (checksum != (uart0_recv_buf[i][uart0_recv_len[i] - 1]))
 278   4                      {
 279   5                          // å¦‚æœè®¡ç®—çš„æ ¡éªŒå’Œä¸æ”¶åˆ°çš„æ ¡éªŒå’Œä¸ä¸€è‡´
 280   5                          __flag_is_crc_or_len_err = 1;
 281   5                      }
 282   4                  } // è®¡ç®—æ ¡éªŒå’Œ
 283   3      
 284   3                  if (__flag_is_crc_or_len_err)
 285   3                  {
 286   4      #if USE_MY_DEBUG
                              printf("recv crc or len err! \n");
              #endif
C51 COMPILER V9.60.7.0   UART0                                                             11/28/2024 14:06:58 PAGE 6   

 289   4                      // flag_is_recving_data = 0;
 290   4                      __flag_is_crc_or_len_err = 0; //
 291   4                      recved_flagbuf[i] = 0;
 292   4                      recv_frame_cnt--;
 293   4                      memset(uart0_recv_buf[i], 0, FRAME_MAX_LEN); // æ¸…ç©ºæ ¡éªŒå’Œé”™è¯¯çš„æŒ‡ä»¤å¯¹åº”çš„ç¼“
             -å†²åŒº
 294   4                  }
 295   3      
 296   3                  // å¦‚æœè¿è¡Œåˆ°è¿™é‡Œï¼Œæ•°æ®éƒ½æ­£å¸¸
 297   3                  flagbuf_valid_instruction[i] = 1; // å¯¹åº”çš„æ ‡å¿—ä½ç½®ä¸€ï¼Œè¡¨ç¤ºæ”¶åˆ°äº†åˆæ³•çš„æŒ‡ä»¤
 298   3              } // if (recved_flagbuf[i])
 299   2          } // for (i = 0; i < ((UART0_RXBUF_LEN) / (FRAME_MAX_LEN)); i++)
 300   1      }
 301          
 302          // æ¸…é™¤ä¸²å£æ¥æ”¶ç¼“å†²åŒºä¸­ï¼Œå•ä¸ªå·²ç»å¤„ç†å¥½çš„æŒ‡ä»¤
 303          void uart_clear_single_instruction(u8 index)
 304          {
 305   1          flagbuf_valid_instruction[index] = 0;            // æ¸…ç©ºç¼“å†²åŒºå¯¹åº”çš„å…ƒç´ ï¼Œè¡¨ç¤ºè¯¥ä¸‹æ ‡çš
             -„æŒ‡ä»¤å·²ç»å¤„ç†
 306   1          uart0_recv_len[index] = 0;                       // æ¸…é™¤ç¼“å†²åŒºä¸­æŒ‡ä»¤å¯¹åº”çš„é•¿åº¦
 307   1          recved_flagbuf[index] = 0;                       // æ¸…é™¤æ¥æ”¶åˆ°æŒ‡ä»¤çš„æ ‡å¿—ä½
 308   1          memset(uart0_recv_buf[index], 0, FRAME_MAX_LEN); // æ¸…ç©ºç¼“å†²åŒºå¯¹åº”çš„æŒ‡ä»¤
 309   1      }
 310          
 311          #if 1
 312          // æµ‹è¯•ç”¨çš„ç¨‹åºï¼š
 313          // æ˜¾ç¤ºä¸²å£ç¼“å†²åŒºä¸­çš„æ•°æ®ï¼š
 314          void __uart_buff_check(void)
 315          {
 316   1          u8 i = 0;
 317   1      
 318   1          u8 k = 0;
 319   1          // if (test_bit)
 320   1          // {
 321   1          //     test_bit = 0;
 322   1          for (i = 0; i < (UART0_RXBUF_LEN) / (FRAME_MAX_LEN); i++)
 323   1          {
 324   2              uart0_sendbyte(i + '0');
 325   2              uart0_sendbyte('\n');
 326   2              for (k = 0; k < FRAME_MAX_LEN; k++)
 327   2              {
 328   3                  printf("%2x ", (u16)uart0_recv_buf[i][k]);
 329   3              }
 330   2      
 331   2              printf("\n==========================\n");
 332   2          }
 333   1          // }
 334   1      }
 335          #endif
 336          
 337          #if 0
                          switch (uart0_recv_len[i])
                          {
                          case 4:
              
                              // å¦‚æœæ˜¯å››ä¸ªå­—èŠ‚çš„æ•°æ®
                              checksum = (uart0_recv_buf[i][0] + uart0_recv_buf[i][1] + uart0_recv_buf[i][2]) & 0x0F;
              
                              if (checksum != uart0_recv_buf[i][3])
                              {
                                  // å¦‚æœè®¡ç®—å¾—å‡ºçš„æ ¡éªŒå’Œä¸æ•°æ®å¸§ä¸­çš„æ ¡éªŒå’Œä¸ä¸€è‡´
                                  // è¯´æ˜ä¼ è¾“çš„æ•°æ®æœ‰è¯¯
C51 COMPILER V9.60.7.0   UART0                                                             11/28/2024 14:06:58 PAGE 7   

                                  // uart0_sendstr("checknum err_4Bytes\n");
                                  // recved_flagbuf[i] = 0;
                                  // recv_frame_cnt--;
                                  // memset(uart0_recv_buf[i], 0, FRAME_MAX_LEN);
                                  __flag_is_crc_or_len_err = 1;
                              }
              
                              break;
              
                          case 5:
              
                              // å¦‚æœæ˜¯äº”ä¸ªå­—èŠ‚çš„æ•°æ®
                              checksum = (uart0_recv_buf[i][0] + uart0_recv_buf[i][1] + uart0_recv_buf[i][2] + uart0_rec
             -v_buf[i][3]) & 0x0F;
                              if (checksum != uart0_recv_buf[i][4])
                              {
                                  // å¦‚æœè®¡ç®—å¾—å‡ºçš„æ ¡éªŒå’Œä¸æ•°æ®å¸§ä¸­çš„æ ¡éªŒå’Œä¸ä¸€è‡´
                                  // è¯´æ˜ä¼ è¾“çš„æ•°æ®æœ‰è¯¯
                                  // uart0_sendstr("checknum err_5Bytes\n");
                                  // recved_flagbuf[i] = 0;
                                  // recv_frame_cnt--;
                                  // memset(uart0_recv_buf[i], 0, FRAME_MAX_LEN);
                                  __flag_is_crc_or_len_err = 1;
                              }
              
                              break;
                          case 6:
              
                              // å¦‚æœæ˜¯å…­ä¸ªå­—èŠ‚çš„æ•°æ®
                              checksum = (uart0_recv_buf[i][0] + uart0_recv_buf[i][1] + uart0_recv_buf[i][2] + uart0_rec
             -v_buf[i][3] + uart0_recv_buf[i][4]) & 0x0F;
              
                              if (checksum != uart0_recv_buf[i][5])
                              {
                                  // å¦‚æœè®¡ç®—å¾—å‡ºçš„æ ¡éªŒå’Œä¸æ•°æ®å¸§ä¸­çš„æ ¡éªŒå’Œä¸ä¸€è‡´
                                  // è¯´æ˜ä¼ è¾“çš„æ•°æ®æœ‰è¯¯
                                  // uart0_sendstr("checknum err_6Bytes\n");
                                  // recved_flagbuf[i] = 0;
                                  // recv_frame_cnt--;
                                  // memset(uart0_recv_buf[i], 0, FRAME_MAX_LEN);
                                  __flag_is_crc_or_len_err = 1;
                              }
              
                              break;
                          case 7: // å¦‚æœæ˜¯7ä¸ªå­—èŠ‚çš„æ•°æ®
                              checksum = (uart0_recv_buf[i][0] + uart0_recv_buf[i][1] + uart0_recv_buf[i][2] + uart0_rec
             -v_buf[i][3] + uart0_recv_buf[i][4] + uart0_recv_buf[i][5]) & 0x0F;
                              if (checksum != uart0_recv_buf[i][6])
                              {
                                  // å¦‚æœè®¡ç®—å¾—å‡ºçš„æ ¡éªŒå’Œä¸æ•°æ®å¸§ä¸­çš„æ ¡éªŒå’Œä¸ä¸€è‡´
                                  // è¯´æ˜ä¼ è¾“çš„æ•°æ®æœ‰è¯¯
                                  // recved_flagbuf[i] = 0;
                                  // recv_frame_cnt--;
              
                                  __flag_is_crc_or_len_err = 1;
                              }
                              break;
                          case 8: // å¦‚æœæ˜¯8ä¸ªå­—èŠ‚çš„æ•°æ®
                              checksum = (uart0_recv_buf[i][0] + uart0_recv_buf[i][1] + uart0_recv_buf[i][2] + uart0_rec
             -v_buf[i][3] + uart0_recv_buf[i][4] + uart0_recv_buf[i][5] + uart0_recv_buf[i][6]) & 0x0F;
                              if (checksum != uart0_recv_buf[i][7])
                              {
C51 COMPILER V9.60.7.0   UART0                                                             11/28/2024 14:06:58 PAGE 8   

                                  // å¦‚æœè®¡ç®—å¾—å‡ºçš„æ ¡éªŒå’Œä¸æ•°æ®å¸§ä¸­çš„æ ¡éªŒå’Œä¸ä¸€è‡´
                                  // è¯´æ˜ä¼ è¾“çš„æ•°æ®æœ‰è¯¯
                                  // recved_flagbuf[i] = 0;
                                  // recv_frame_cnt--;
                                  __flag_is_crc_or_len_err = 1;
                              }
                              break;
              
                          default:
                              // å¦‚æœä¸æ˜¯å››ã€äº”ã€å…­ã€ä¸ƒã€å…«ä¸ªå­—èŠ‚çš„æ•°æ®ï¼Œè¯´æ˜æ¥æ”¶æœ‰è¯¯ï¼Œç›´æ¥
             -æŠ›å¼ƒè¿™ä¸€å¸§æ•°æ®
              #if USE_MY_DEBUG
                              // printf("recv cnt err\n");
                              __flag_is_crc_or_len_err = 1;
              #endif
                              // recved_flagbuf[i] = 0;
                              // recv_frame_cnt--;
                              // memset(uart0_recv_buf[i], 0, FRAME_MAX_LEN);
              
                              break;
                          } // switch (uart0_recv_len[i])
              #endif


MODULE INFORMATION:   STATIC OVERLAYABLE
   CODE SIZE        =   1045    ----
   CONSTANT SIZE    =     34    ----
   XDATA SIZE       =     46      10
   PDATA SIZE       =   ----    ----
   DATA SIZE        =   ----    ----
   IDATA SIZE       =   ----    ----
   BIT SIZE         =      1       1
END OF MODULE INFORMATION.


C51 COMPILATION COMPLETE.  0 WARNING(S),  0 ERROR(S)
